<?xml version="1.0" encoding="UTF-8"?>
<testsuite xmlns:xsi="http://www.w3.org/2001/XMLSchema-instance" xsi:noNamespaceSchemaLocation="https://maven.apache.org/surefire/maven-surefire-plugin/xsd/surefire-test-report.xsd" version="3.0.2" name="com.example.aicoauthor.AicoauthorApplicationTests" time="2.616" tests="1" errors="0" skipped="0" failures="0">
  <properties>
[...]
</properties>
  <testcase name="contextLoads" classname="com.example.aicoauthor.AicoauthorApplicationTests" time="0.713">
    <system-out><![CDATA[21:56:05.759 [main] INFO org.springframework.test.context.support.AnnotationConfigContextLoaderUtils -- Could not detect default configuration classes for test class [com.example.aicoauthor.AicoauthorApplicationTests]: AicoauthorApplicationTests does not declare any static, non-private, non-final, nested classes annotated with @Configuration.
21:56:05.868 [main] INFO org.springframework.boot.test.context.SpringBootTestContextBootstrapper -- Found @SpringBootConfiguration com.example.aicoauthor.AicoauthorApplication for test class com.example.aicoauthor.AicoauthorApplicationTests
21:56:06.027 [main] INFO org.springframework.boot.devtools.restart.RestartApplicationListener -- Restart disabled due to context in which it is running

  .   ____          _            __ _ _
 /\\ / ___'_ __ _ _(_)_ __  __ _ \ \ \ \
( ( )\___ | '_ | '_| | '_ \/ _` | \ \ \ \
 \\/  ___)| |_)| | | | | || (_| |  ) ) ) )
  '  |____| .__|_| |_|_| |_\__, | / / / /
 =========|_|==============|___/=/_/_/_/

 :: Spring Boot ::               (v3.4.12)

2025-12-02T21:56:06.278+08:00  INFO 12912 --- [aicoauthor] [           main] c.e.a.AicoauthorApplicationTests         : Starting AicoauthorApplicationTests using Java 17.0.17 with PID 12912 (started by 范智杰 in C:\Users\范智杰\IdeaProjects\aicoauthor\aicoauthor)
2025-12-02T21:56:06.279+08:00  INFO 12912 --- [aicoauthor] [           main] c.e.a.AicoauthorApplicationTests         : No active profile set, falling back to 1 default profile: "default"
2025-12-02T21:56:07.517+08:00  INFO 12912 --- [aicoauthor] [           main] c.e.a.AicoauthorApplicationTests         : Started AicoauthorApplicationTests in 1.502 seconds (process running for 2.405)
]]></system-out>
  </testcase>
</testsuite>