<?xml version="1.0" encoding="UTF-8"?>
<testsuite xmlns:xsi="http://www.w3.org/2001/XMLSchema-instance" xsi:noNamespaceSchemaLocation="https://maven.apache.org/surefire/maven-surefire-plugin/xsd/surefire-test-report.xsd" version="3.0.2" name="org.example.dao.service.CollectionRecordTest" time="4.904" tests="2" errors="0" skipped="0" failures="0">
  <properties>
[...]
</properties>
  <testcase name="testBasicCollectionOperations" classname="org.example.dao.service.CollectionRecordTest" time="1.042">
    <system-out><![CDATA[21:52:34.246 [main] INFO org.springframework.test.context.support.AnnotationConfigContextLoaderUtils -- Could not detect default configuration classes for test class [org.example.dao.service.CollectionRecordTest]: CollectionRecordTest does not declare any static, non-private, non-final, nested classes annotated with @Configuration.
21:52:34.377 [main] INFO org.springframework.boot.test.context.SpringBootTestContextBootstrapper -- Found @SpringBootConfiguration org.example.dao.DaoApplication for test class org.example.dao.service.CollectionRecordTest

  .   ____          _            __ _ _
 /\\ / ___'_ __ _ _(_)_ __  __ _ \ \ \ \
( ( )\___ | '_ | '_| | '_ \/ _` | \ \ \ \
 \\/  ___)| |_)| | | | | || (_| |  ) ) ) )
  '  |____| .__|_| |_|_| |_\__, | / / / /
 =========|_|==============|___/=/_/_/_/

 :: Spring Boot ::                (v3.5.8)

2025-12-04 21:52:34.821 [main] INFO  o.e.dao.service.CollectionRecordTest - Starting CollectionRecordTest using Java 24.0.1 with PID 488 (started by 20441 in D:\�ļ���\������\�������\����ҵ2\EchoLogic\item\Backend)
2025-12-04 21:52:34.822 [main] INFO  o.e.dao.service.CollectionRecordTest - No active profile set, falling back to 1 default profile: "default"
2025-12-04 21:52:34.845 [main] DEBUG o.s.w.c.s.GenericWebApplicationContext - Refreshing org.springframework.web.context.support.GenericWebApplicationContext@315df4bb
2025-12-04 21:52:36.821 [main] ERROR c.b.m.core.MybatisConfiguration - mapper[org.example.dao.mapper.WebContentMapper.update] is ignored, because it exists, maybe from xml file
2025-12-04 21:52:36.825 [main] ERROR c.b.m.core.MybatisConfiguration - mapper[org.example.dao.mapper.WebContentMapper.insert] is ignored, because it exists, maybe from xml file
 _ _   |_  _ _|_. ___ _ |    _ 
| | |\/|_)(_| | |_\  |_)||_|_\ 
     /               |         
                        3.5.5 
2025-12-04 21:52:37.383 [main] INFO  o.s.v.b.OptionalValidatorFactoryBean - Failed to set up a Bean Validation provider: jakarta.validation.NoProviderFoundException: Unable to create a Configuration, because no Jakarta Bean Validation provider could be found. Add a provider like Hibernate Validator (RI) to your classpath.
2025-12-04 21:52:37.469 [main] DEBUG o.s.w.s.m.m.a.RequestMappingHandlerMapping - 45 mappings in 'requestMappingHandlerMapping'
2025-12-04 21:52:37.540 [main] DEBUG o.s.w.s.h.SimpleUrlHandlerMapping - Patterns [/webjars/**, /**, /swagger-ui*/*swagger-initializer.js, /swagger-ui*/**] in 'resourceHandlerMapping'
2025-12-04 21:52:37.560 [main] DEBUG o.s.w.s.m.m.a.RequestMappingHandlerAdapter - ControllerAdvice beans: 0 @ModelAttribute, 0 @InitBinder, 1 RequestBodyAdvice, 1 ResponseBodyAdvice
2025-12-04 21:52:37.621 [main] DEBUG o.s.w.s.m.m.a.ExceptionHandlerExceptionResolver - ControllerAdvice beans: 1 @ExceptionHandler, 1 ResponseBodyAdvice
2025-12-04 21:52:37.879 [main] INFO  o.e.dao.service.CollectionRecordTest - Started CollectionRecordTest in 3.358 seconds (process running for 4.287)
=== 测试集合基本操作 ===
2025-12-04 21:52:38.467 [main] INFO  com.zaxxer.hikari.HikariDataSource - HikariPool-1 - Starting...
2025-12-04 21:52:38.780 [main] INFO  com.zaxxer.hikari.pool.HikariPool - HikariPool-1 - Added connection com.mysql.cj.jdbc.ConnectionImpl@2d5d001f
2025-12-04 21:52:38.782 [main] INFO  com.zaxxer.hikari.HikariDataSource - HikariPool-1 - Start completed.
创建集合成功: 24
所有集合数量: 24
集合: 测试集合
集合: 记录测试集合
集合: 测试集合
集合: 记录测试集合
集合: 测试集合
集合: 媒体链接: string
集合: 媒体链接: string
集合: 媒体链接: string
集合: 媒体链接: string
集合: 媒体链接: string
集合: 媒体链接: string
集合: 媒体链接: string
集合: 媒体链接: string
集合: 媒体链接: string
集合: 媒体链接: string
集合: 媒体链接: string
集合: 媒体链接: string
集合: 媒体链接: BV1Bb41137Ga?spm_id_from=333.788.videopod.sections&vd_source=00d4efade7a3638755595dbce72b798a
集合: 媒体链接: BV1ZJ411W7jG?spm_id_from=333.788.videopod.episodes&vd_source=00d4efade7a3638755595dbce72b798a&p=3
集合: 媒体链接: nihao
集合: 媒体链接: string
集合: 媒体链接: string
集合: 媒体链接: string
集合: Home - The GitHub Blog
]]></system-out>
    <system-err><![CDATA[Mockito is currently self-attaching to enable the inline-mock-maker. This will no longer work in future releases of the JDK. Please add Mockito as an agent to your build as described in Mockito's documentation: https://javadoc.io/doc/org.mockito/mockito-core/latest/org.mockito/org/mockito/Mockito.html#0.3
WARNING: A Java agent has been loaded dynamically (D:\Develop\apache-maven-3.9.10\mvn_repo\net\bytebuddy\byte-buddy-agent\1.17.8\byte-buddy-agent-1.17.8.jar)
WARNING: If a serviceability tool is in use, please run with -XX:+EnableDynamicAgentLoading to hide this warning
WARNING: If a serviceability tool is not in use, please run with -Djdk.instrument.traceUsage for more information
WARNING: Dynamic loading of agents will be disallowed by default in a future release
]]></system-err>
  </testcase>
  <testcase name="testRecordOperations" classname="org.example.dao.service.CollectionRecordTest" time="0.056">
    <system-out><![CDATA[=== 测试记录操作 ===
创建记录成功: 3
将记录添加到集合成功
集合中的记录数量: 1
记录的标签数量: 2
标签: 测试标签1-1764856358976
标签: 测试标签2-1764856358976
]]></system-out>
  </testcase>
</testsuite>